<?xml version="1.0" encoding="UTF-8"?>
<testng-results ignored="0" total="1" passed="1" failed="0" skipped="0">
  <reporter-output>
    <line>
      <![CDATA[No of rows are::10]]>
    </line>
    <line>
      <![CDATA[Login success::dashboard  http://orangehrm.qedgetech.com/symfony/web/index.php/dashboard]]>
    </line>
    <line>
      <![CDATA[Login Failed::dashboard  http://orangehrm.qedgetech.com/symfony/web/index.php/auth/validateCredentials]]>
    </line>
    <line>
      <![CDATA[Login Failed::dashboard  http://orangehrm.qedgetech.com/symfony/web/index.php/auth/validateCredentials]]>
    </line>
    <line>
      <![CDATA[Login Failed::dashboard  http://orangehrm.qedgetech.com/symfony/web/index.php/auth/login]]>
    </line>
    <line>
      <![CDATA[Login success::dashboard  http://orangehrm.qedgetech.com/symfony/web/index.php/dashboard]]>
    </line>
    <line>
      <![CDATA[Login Failed::dashboard  http://orangehrm.qedgetech.com/symfony/web/index.php/auth/login]]>
    </line>
    <line>
      <![CDATA[Login success::dashboard  http://orangehrm.qedgetech.com/symfony/web/index.php/dashboard]]>
    </line>
    <line>
      <![CDATA[Login Failed::dashboard  http://orangehrm.qedgetech.com/symfony/web/index.php/auth/login]]>
    </line>
    <line>
      <![CDATA[Login success::dashboard  http://orangehrm.qedgetech.com/symfony/web/index.php/dashboard]]>
    </line>
    <line>
      <![CDATA[Login success::dashboard  http://orangehrm.qedgetech.com/symfony/web/index.php/dashboard]]>
    </line>
  </reporter-output>
  <suite started-at="2023-09-23T16:50:39 IST" name="Default suite" finished-at="2023-09-23T16:52:08 IST" duration-ms="88714">
    <groups>
    </groups>
    <test started-at="2023-09-23T16:50:39 IST" name="Default test" finished-at="2023-09-23T16:52:08 IST" duration-ms="88714">
      <class name="driverFactory.DriverScript">
        <test-method is-config="true" signature="setup()[pri:0, instance:driverFactory.DriverScript@2d901eb0]" started-at="2023-09-23T16:50:39 IST" name="setup" finished-at="2023-09-23T16:51:12 IST" duration-ms="33024" status="PASS">
          <reporter-output>
          </reporter-output>
        </test-method> <!-- setup -->
        <test-method signature="startTest()[pri:0, instance:driverFactory.DriverScript@2d901eb0]" started-at="2023-09-23T16:51:12 IST" name="startTest" finished-at="2023-09-23T16:52:07 IST" duration-ms="54904" status="PASS">
          <reporter-output>
            <line>
              <![CDATA[No of rows are::10]]>
            </line>
            <line>
              <![CDATA[Login success::dashboard  http://orangehrm.qedgetech.com/symfony/web/index.php/dashboard]]>
            </line>
            <line>
              <![CDATA[Login Failed::dashboard  http://orangehrm.qedgetech.com/symfony/web/index.php/auth/validateCredentials]]>
            </line>
            <line>
              <![CDATA[Login Failed::dashboard  http://orangehrm.qedgetech.com/symfony/web/index.php/auth/validateCredentials]]>
            </line>
            <line>
              <![CDATA[Login Failed::dashboard  http://orangehrm.qedgetech.com/symfony/web/index.php/auth/login]]>
            </line>
            <line>
              <![CDATA[Login success::dashboard  http://orangehrm.qedgetech.com/symfony/web/index.php/dashboard]]>
            </line>
            <line>
              <![CDATA[Login Failed::dashboard  http://orangehrm.qedgetech.com/symfony/web/index.php/auth/login]]>
            </line>
            <line>
              <![CDATA[Login success::dashboard  http://orangehrm.qedgetech.com/symfony/web/index.php/dashboard]]>
            </line>
            <line>
              <![CDATA[Login Failed::dashboard  http://orangehrm.qedgetech.com/symfony/web/index.php/auth/login]]>
            </line>
            <line>
              <![CDATA[Login success::dashboard  http://orangehrm.qedgetech.com/symfony/web/index.php/dashboard]]>
            </line>
            <line>
              <![CDATA[Login success::dashboard  http://orangehrm.qedgetech.com/symfony/web/index.php/dashboard]]>
            </line>
          </reporter-output>
        </test-method> <!-- startTest -->
        <test-method is-config="true" signature="tearDown()[pri:0, instance:driverFactory.DriverScript@2d901eb0]" started-at="2023-09-23T16:52:07 IST" name="tearDown" finished-at="2023-09-23T16:52:08 IST" duration-ms="697" status="PASS">
          <reporter-output>
          </reporter-output>
        </test-method> <!-- tearDown -->
      </class> <!-- driverFactory.DriverScript -->
    </test> <!-- Default test -->
  </suite> <!-- Default suite -->
</testng-results>
